#
# There is insufficient memory for the Java Runtime Environment to continue.
# Native memory allocation (malloc) failed to allocate 1048576 bytes for AllocateHeap
# Possible reasons:
#   The system is out of physical RAM or swap space
#   The process is running with CompressedOops enabled, and the Java Heap may be blocking the growth of the native heap
# Possible solutions:
#   Reduce memory load on the system
#   Increase physical memory or swap space
#   Check if swap backing store is full
#   Decrease Java heap size (-Xmx/-Xms)
#   Decrease number of Java threads
#   Decrease Java thread stack sizes (-Xss)
#   Set larger code cache with -XX:ReservedCodeCacheSize=
#   JVM is running with Unscaled Compressed Oops mode in which the Java heap is
#     placed in the first 4GB address space. The Java Heap base address is the
#     maximum limit for the native heap growth. Please use -XX:HeapBaseMinAddress
#     to set the Java Heap base and to place the Java Heap above 4GB virtual address.
# This output file may be truncated or incomplete.
#
#  Out of Memory Error (./open/src/hotspot/share/memory/allocation.cpp:46), pid=9924, tid=16476
#
# JRE version: Java(TM) SE Runtime Environment 18.9 (11.0.10+8) (build 11.0.10+8-LTS-162)
# Java VM: Java HotSpot(TM) 64-Bit Server VM 18.9 (11.0.10+8-LTS-162, mixed mode, tiered, compressed oops, g1 gc, windows-amd64)
# No core dump will be written. Minidumps are not enabled by default on client versions of Windows
#

---------------  S U M M A R Y ------------

Command Line: -XX:TieredStopAtLevel=1 -Xverify:none -Dspring.output.ansi.enabled=always -javaagent:D:\javakaifa\idea2020.3\IntelliJ IDEA 2020.3.1\lib\idea_rt.jar=52403:D:\javakaifa\idea2020.3\IntelliJ IDEA 2020.3.1\bin -Dcom.sun.management.jmxremote -Dspring.jmx.enabled=true -Dspring.liveBeansView.mbeanDomain -Dspring.application.admin.enabled=true -Dfile.encoding=UTF-8 com.panpan.gulimall.coupon.GulimallCouponApplication

Host: Intel(R) Core(TM) i7-8750H CPU @ 2.20GHz, 12 cores, 7G,  Windows 10 , 64 bit Build 19041 (10.0.19041.928)
Time: Sun May 23 21:47:12 2021 中国标准时间 elapsed time: 2.841213 seconds (0d 0h 0m 2s)

---------------  T H R E A D  ---------------

Current thread (0x000001fcc5b57800):  VMThread "VM Thread" [stack: 0x000000f42c900000,0x000000f42ca00000] [id=16476]

Stack: [0x000000f42c900000,0x000000f42ca00000]
[error occurred during error reporting (printing stack bounds), id 0xc0000005, EXCEPTION_ACCESS_VIOLATION (0xc0000005) at pc=0x000001fcaeeb0f2d]

Native frames: (J=compiled Java code, j=interpreted, Vv=VM code, C=native code)
V  [jvm.dll+0x613e6a]
V  [jvm.dll+0x74c1ff]
V  [jvm.dll+0x74d885]
V  [jvm.dll+0x74de65]
V  [jvm.dll+0x74de1b]
V  [jvm.dll+0x6136a3]
V  [jvm.dll+0x613a68]
C  [ntdll.dll+0xa217f]
C  [ntdll.dll+0x51454]
C  [ntdll.dll+0xa0cae]
C  0x000001fcaeeb0f2d

VM_Operation (0x000000f42d9fbbb0): CollectForMetadataAllocation, mode: safepoint, requested by thread 0x000001fcc7b2a000


---------------  P R O C E S S  ---------------

Threads class SMR info:
_java_thread_list=0x000001fcc7b26fd0, length=14, elements={
0x000001fca6a2c800, 0x000001fcc5b6c800, 0x000001fcc5b63800, 0x000001fcc63f9000,
0x000001fcc63fb000, 0x000001fcc63fc000, 0x000001fcc5b79800, 0x000001fcc5b15800,
0x000001fcc677b000, 0x000001fcc6b31800, 0x000001fcc6cac800, 0x000001fcc7a58800,
0x000001fcc7a7b000, 0x000001fcc7b2a000
}

Java Threads: ( => current thread )
  0x000001fca6a2c800 JavaThread "main" [_thread_blocked, id=6096, stack(0x000000f42c300000,0x000000f42c400000)]
  0x000001fcc5b6c800 JavaThread "Reference Handler" daemon [_thread_blocked, id=16544, stack(0x000000f42ca00000,0x000000f42cb00000)]
  0x000001fcc5b63800 JavaThread "Finalizer" daemon [_thread_blocked, id=14680, stack(0x000000f42cb00000,0x000000f42cc00000)]
  0x000001fcc63f9000 JavaThread "Signal Dispatcher" daemon [_thread_blocked, id=9812, stack(0x000000f42cc00000,0x000000f42cd00000)]
  0x000001fcc63fb000 JavaThread "Attach Listener" daemon [_thread_blocked, id=4540, stack(0x000000f42cd00000,0x000000f42ce00000)]
  0x000001fcc63fc000 JavaThread "C1 CompilerThread0" daemon [_thread_blocked, id=10076, stack(0x000000f42ce00000,0x000000f42cf00000)]
  0x000001fcc5b79800 JavaThread "Sweeper thread" daemon [_thread_blocked, id=13768, stack(0x000000f42cf00000,0x000000f42d000000)]
  0x000001fcc5b15800 JavaThread "Common-Cleaner" daemon [_thread_blocked, id=7944, stack(0x000000f42d000000,0x000000f42d100000)]
  0x000001fcc677b000 JavaThread "Monitor Ctrl-Break" daemon [_thread_in_native, id=15516, stack(0x000000f42d100000,0x000000f42d200000)]
  0x000001fcc6b31800 JavaThread "Service Thread" daemon [_thread_blocked, id=15640, stack(0x000000f42d200000,0x000000f42d300000)]
  0x000001fcc6cac800 JavaThread "RMI TCP Accept-0" daemon [_thread_in_native, id=1540, stack(0x000000f42d300000,0x000000f42d400000)]
  0x000001fcc7a58800 JavaThread "RMI TCP Connection(1)-192.168.56.1" daemon [_thread_in_native, id=19760, stack(0x000000f42d700000,0x000000f42d800000)]
  0x000001fcc7a7b000 JavaThread "RMI Scheduler(0)" daemon [_thread_blocked, id=21656, stack(0x000000f42d800000,0x000000f42d900000)]
  0x000001fcc7b2a000 JavaThread "background-preinit" [_thread_blocked, id=6932, stack(0x000000f42d900000,0x000000f42da00000)]

Other Threads:
=>0x000001fcc5b57800 VMThread "VM Thread" [stack: 0x000000f42c900000,0x000000f42ca00000] [id=16476]
  0x000001fcc6cae800 WatcherThread [stack: 0x000000f42d400000,0x000000f42d500000] [id=18760]
  0x000001fca6a42800 GCTaskThread "GC Thread#0" [stack: 0x000000f42c400000,0x000000f42c500000] [id=2164]
  0x000001fcc6df7000 GCTaskThread "GC Thread#1" [stack: 0x000000f42d500000,0x000000f42d600000] [id=8360]
  0x000001fcc6e40800 GCTaskThread "GC Thread#2" [stack: 0x000000f42d600000,0x000000f42d700000] [id=4680]
  0x000001fcc7be6000 GCTaskThread "GC Thread#3" [stack: 0x000000f42da00000,0x000000f42db00000] [id=432]
  0x000001fca6a74000 ConcurrentGCThread "G1 Main Marker" [stack: 0x000000f42c500000,0x000000f42c600000] [id=3220]
  0x000001fca6a75000 ConcurrentGCThread "G1 Conc#0" [stack: 0x000000f42c600000,0x000000f42c700000] [id=22092]
  0x000001fcc6e05800 ConcurrentGCThread "G1 Conc#1" [stack: 0x000000f42db00000,0x000000f42dc00000] [id=19276]
  0x000001fcc7b9e000 ConcurrentGCThread "G1 Conc#2" [stack: 0x000000f42dc00000,0x000000f42dd00000] [id=8680]
  0x000001fcc59c4800 ConcurrentGCThread "G1 Refine#0" [stack: 0x000000f42c700000,0x000000f42c800000] [id=21396]
  0x000001fcc59c5000 ConcurrentGCThread "G1 Young RemSet Sampling" [stack: 0x000000f42c800000,0x000000f42c900000] [id=21456]

Threads with active compile tasks:
C1 CompilerThread0   2868 1969       1       org.springframework.core.annotation.AnnotationsScanner::hasPlainJavaAnnotationsOnly (24 bytes)

VM state:at safepoint (normal execution)

VM Mutex/Monitor currently owned by a thread:  ([mutex/lock_event])
[0x000001fca6a28930] Threads_lock - owner thread: 0x000001fcc5b57800
[0x000001fca6a28ae0] Heap_lock - owner thread: 0x000001fcc7b2a000

Heap address: 0x0000000082200000, size: 2014 MB, Compressed Oops mode: 32-bit
Narrow klass base: 0x0000000000000000, Narrow klass shift: 3
Compressed class space size: 1073741824 Address: 0x0000000100000000

Heap:
 garbage-first heap   total 129024K, used 9349K [0x0000000082200000, 0x0000000100000000)
  region size 1024K, 3 young (3072K), 3 survivors (3072K)
 Metaspace       used 20477K, capacity 21153K, committed 21296K, reserved 1071104K
  class space    used 2358K, capacity 2638K, committed 2688K, reserved 1048576K
Heap Regions: E=young(eden), S=young(survivor), O=old, HS=humongous(starts), HC=humongous(continues), CS=collection set, F=free, A=archive, TAMS=top-at-mark-start (previous, next)
|   0|0x0000000082200000, 0x0000000082300000, 0x0000000082300000|100%| O|  |TAMS 0x0000000082200000, 0x0000000082300000| Untracked 
|   1|0x0000000082300000, 0x0000000082400000, 0x0000000082400000|100%| O|  |TAMS 0x0000000082300000, 0x0000000082400000| Untracked 
|   2|0x0000000082400000, 0x0000000082500000, 0x0000000082500000|100%| O|  |TAMS 0x0000000082400000, 0x0000000082500000| Untracked 
|   3|0x0000000082500000, 0x0000000082600000, 0x0000000082600000|100%| O|  |TAMS 0x0000000082500000, 0x0000000082600000| Untracked 
|   4|0x0000000082600000, 0x0000000082700000, 0x0000000082700000|100%| O|  |TAMS 0x0000000082600000, 0x0000000082700000| Untracked 
|   5|0x0000000082700000, 0x0000000082800000, 0x0000000082800000|100%| O|  |TAMS 0x0000000082700000, 0x0000000082800000| Untracked 
|   6|0x0000000082800000, 0x00000000828f3c00, 0x0000000082900000| 95%| O|  |TAMS 0x0000000082800000, 0x00000000828f3c00| Untracked 
|   7|0x0000000082900000, 0x0000000082900000, 0x0000000082a00000|  0%| F|  |TAMS 0x0000000082900000, 0x0000000082900000| Untracked 
|   8|0x0000000082a00000, 0x0000000082a00000, 0x0000000082b00000|  0%| F|  |TAMS 0x0000000082a00000, 0x0000000082a00000| Untracked 
|   9|0x0000000082b00000, 0x0000000082b00000, 0x0000000082c00000|  0%| F|  |TAMS 0x0000000082b00000, 0x0000000082b00000| Untracked 
|  10|0x0000000082c00000, 0x0000000082c00000, 0x0000000082d00000|  0%| F|  |TAMS 0x0000000082c00000, 0x0000000082c00000| Untracked 
|  11|0x0000000082d00000, 0x0000000082d00000, 0x0000000082e00000|  0%| F|  |TAMS 0x0000000082d00000, 0x0000000082d00000| Untracked 
|  12|0x0000000082e00000, 0x0000000082e00000, 0x0000000082f00000|  0%| F|  |TAMS 0x0000000082e00000, 0x0000000082e00000| Untracked 
|  13|0x0000000082f00000, 0x0000000082f00000, 0x0000000083000000|  0%| F|  |TAMS 0x0000000082f00000, 0x0000000082f00000| Untracked 
|  14|0x0000000083000000, 0x0000000083000000, 0x0000000083100000|  0%| F|  |TAMS 0x0000000083000000, 0x0000000083000000| Untracked 
|  15|0x0000000083100000, 0x0000000083100000, 0x0000000083200000|  0%| F|  |TAMS 0x0000000083100000, 0x0000000083100000| Untracked 
|  16|0x0000000083200000, 0x0000000083200000, 0x0000000083300000|  0%| F|  |TAMS 0x0000000083200000, 0x0000000083200000| Untracked 
|  17|0x0000000083300000, 0x0000000083300000, 0x0000000083400000|  0%| F|  |TAMS 0x0000000083300000, 0x0000000083300000| Untracked 
|  18|0x0000000083400000, 0x0000000083400000, 0x0000000083500000|  0%| F|  |TAMS 0x0000000083400000, 0x0000000083400000| Untracked 
|  19|0x0000000083500000, 0x0000000083500000, 0x0000000083600000|  0%| F|  |TAMS 0x0000000083500000, 0x0000000083500000| Untracked 
|  20|0x0000000083600000, 0x0000000083600000, 0x0000000083700000|  0%| F|  |TAMS 0x0000000083600000, 0x0000000083600000| Untracked 
|  21|0x0000000083700000, 0x0000000083700000, 0x0000000083800000|  0%| F|  |TAMS 0x0000000083700000, 0x0000000083700000| Untracked 
|  22|0x0000000083800000, 0x0000000083800000, 0x0000000083900000|  0%| F|  |TAMS 0x0000000083800000, 0x0000000083800000| Untracked 
|  23|0x0000000083900000, 0x0000000083900000, 0x0000000083a00000|  0%| F|  |TAMS 0x0000000083900000, 0x0000000083900000| Untracked 
|  24|0x0000000083a00000, 0x0000000083a00000, 0x0000000083b00000|  0%| F|  |TAMS 0x0000000083a00000, 0x0000000083a00000| Untracked 
|  25|0x0000000083b00000, 0x0000000083b00000, 0x0000000083c00000|  0%| F|  |TAMS 0x0000000083b00000, 0x0000000083b00000| Untracked 
|  26|0x0000000083c00000, 0x0000000083c00000, 0x0000000083d00000|  0%| F|  |TAMS 0x0000000083c00000, 0x0000000083c00000| Untracked 
|  27|0x0000000083d00000, 0x0000000083d00000, 0x0000000083e00000|  0%| F|  |TAMS 0x0000000083d00000, 0x0000000083d00000| Untracked 
|  28|0x0000000083e00000, 0x0000000083e00000, 0x0000000083f00000|  0%| F|  |TAMS 0x0000000083e00000, 0x0000000083e00000| Untracked 
|  29|0x0000000083f00000, 0x0000000083f00000, 0x0000000084000000|  0%| F|  |TAMS 0x0000000083f00000, 0x0000000083f00000| Untracked 
|  30|0x0000000084000000, 0x0000000084000000, 0x0000000084100000|  0%| F|  |TAMS 0x0000000084000000, 0x0000000084000000| Untracked 
|  31|0x0000000084100000, 0x0000000084100000, 0x0000000084200000|  0%| F|  |TAMS 0x0000000084100000, 0x0000000084100000| Untracked 
|  32|0x0000000084200000, 0x0000000084200000, 0x0000000084300000|  0%| F|  |TAMS 0x0000000084200000, 0x0000000084200000| Untracked 
|  33|0x0000000084300000, 0x0000000084300000, 0x0000000084400000|  0%| F|  |TAMS 0x0000000084300000, 0x0000000084300000| Untracked 
|  34|0x0000000084400000, 0x0000000084400000, 0x0000000084500000|  0%| F|  |TAMS 0x0000000084400000, 0x0000000084400000| Untracked 
|  35|0x0000000084500000, 0x0000000084500000, 0x0000000084600000|  0%| F|  |TAMS 0x0000000084500000, 0x0000000084500000| Untracked 
|  36|0x0000000084600000, 0x0000000084600000, 0x0000000084700000|  0%| F|  |TAMS 0x0000000084600000, 0x0000000084600000| Untracked 
|  37|0x0000000084700000, 0x0000000084700000, 0x0000000084800000|  0%| F|  |TAMS 0x0000000084700000, 0x0000000084700000| Untracked 
|  38|0x0000000084800000, 0x0000000084800000, 0x0000000084900000|  0%| F|  |TAMS 0x0000000084800000, 0x0000000084800000| Untracked 
|  39|0x0000000084900000, 0x0000000084900000, 0x0000000084a00000|  0%| F|  |TAMS 0x0000000084900000, 0x0000000084900000| Untracked 
|  40|0x0000000084a00000, 0x0000000084a00000, 0x0000000084b00000|  0%| F|  |TAMS 0x0000000084a00000, 0x0000000084a00000| Untracked 
|  41|0x0000000084b00000, 0x0000000084b00000, 0x0000000084c00000|  0%| F|  |TAMS 0x0000000084b00000, 0x0000000084b00000| Untracked 
|  42|0x0000000084c00000, 0x0000000084c00000, 0x0000000084d00000|  0%| F|  |TAMS 0x0000000084c00000, 0x0000000084c00000| Untracked 
|  43|0x0000000084d00000, 0x0000000084d00000, 0x0000000084e00000|  0%| F|  |TAMS 0x0000000084d00000, 0x0000000084d00000| Untracked 
|  44|0x0000000084e00000, 0x0000000084e00000, 0x0000000084f00000|  0%| F|  |TAMS 0x0000000084e00000, 0x0000000084e00000| Untracked 
|  45|0x0000000084f00000, 0x0000000084f00000, 0x0000000085000000|  0%| F|  |TAMS 0x0000000084f00000, 0x0000000084f00000| Untracked 
|  46|0x0000000085000000, 0x0000000085000000, 0x0000000085100000|  0%| F|  |TAMS 0x0000000085000000, 0x0000000085000000| Untracked 
|  47|0x0000000085100000, 0x0000000085100000, 0x0000000085200000|  0%| F|  |TAMS 0x0000000085100000, 0x0000000085100000| Untracked 
|  48|0x0000000085200000, 0x0000000085200000, 0x0000000085300000|  0%| F|  |TAMS 0x0000000085200000, 0x0000000085200000| Untracked 
|  49|0x0000000085300000, 0x0000000085300000, 0x0000000085400000|  0%| F|  |TAMS 0x0000000085300000, 0x0000000085300000| Untracked 
|  50|0x0000000085400000, 0x0000000085400000, 0x0000000085500000|  0%| F|  |TAMS 0x0000000085400000, 0x0000000085400000| Untracked 
|  51|0x0000000085500000, 0x0000000085500000, 0x0000000085600000|  0%| F|  |TAMS 0x0000000085500000, 0x0000000085500000| Untracked 
|  52|0x0000000085600000, 0x0000000085600000, 0x0000000085700000|  0%| F|  |TAMS 0x0000000085600000, 0x0000000085600000| Untracked 
|  53|0x0000000085700000, 0x0000000085700000, 0x0000000085800000|  0%| F|  |TAMS 0x0000000085700000, 0x0000000085700000| Untracked 
|  54|0x0000000085800000, 0x0000000085800000, 0x0000000085900000|  0%| F|  |TAMS 0x0000000085800000, 0x0000000085800000| Untracked 
|  55|0x0000000085900000, 0x0000000085900000, 0x0000000085a00000|  0%| F|  |TAMS 0x0000000085900000, 0x0000000085900000| Untracked 
|  56|0x0000000085a00000, 0x0000000085a00000, 0x0000000085b00000|  0%| F|  |TAMS 0x0000000085a00000, 0x0000000085a00000| Untracked 
|  57|0x0000000085b00000, 0x0000000085b00000, 0x0000000085c00000|  0%| F|  |TAMS 0x0000000085b00000, 0x0000000085b00000| Untracked 
|  58|0x0000000085c00000, 0x0000000085c00000, 0x0000000085d00000|  0%| F|  |TAMS 0x0000000085c00000, 0x0000000085c00000| Untracked 
|  59|0x0000000085d00000, 0x0000000085d00000, 0x0000000085e00000|  0%| F|  |TAMS 0x0000000085d00000, 0x0000000085d00000| Untracked 
|  60|0x0000000085e00000, 0x0000000085e00000, 0x0000000085f00000|  0%| F|  |TAMS 0x0000000085e00000, 0x0000000085e00000| Untracked 
|  61|0x0000000085f00000, 0x0000000085f00000, 0x0000000086000000|  0%| F|  |TAMS 0x0000000085f00000, 0x0000000085f00000| Untracked 
|  62|0x0000000086000000, 0x0000000086000000, 0x0000000086100000|  0%| F|  |TAMS 0x0000000086000000, 0x0000000086000000| Untracked 
|  63|0x0000000086100000, 0x0000000086100000, 0x0000000086200000|  0%| F|  |TAMS 0x0000000086100000, 0x0000000086100000| Untracked 
|  64|0x0000000086200000, 0x0000000086200000, 0x0000000086300000|  0%| F|  |TAMS 0x0000000086200000, 0x0000000086200000| Untracked 
|  65|0x0000000086300000, 0x0000000086300000, 0x0000000086400000|  0%| F|  |TAMS 0x0000000086300000, 0x0000000086300000| Untracked 
|  66|0x0000000086400000, 0x0000000086400000, 0x0000000086500000|  0%| F|  |TAMS 0x0000000086400000, 0x0000000086400000| Untracked 
|  67|0x0000000086500000, 0x0000000086500000, 0x0000000086600000|  0%| F|  |TAMS 0x0000000086500000, 0x0000000086500000| Untracked 
|  68|0x0000000086600000, 0x0000000086600000, 0x0000000086700000|  0%| F|  |TAMS 0x0000000086600000, 0x0000000086600000| Untracked 
|  69|0x0000000086700000, 0x0000000086700000, 0x0000000086800000|  0%| F|  |TAMS 0x0000000086700000, 0x0000000086700000| Untracked 
|  70|0x0000000086800000, 0x0000000086800000, 0x0000000086900000|  0%| F|  |TAMS 0x0000000086800000, 0x0000000086800000| Untracked 
|  71|0x0000000086900000, 0x0000000086900000, 0x0000000086a00000|  0%| F|  |TAMS 0x0000000086900000, 0x0000000086900000| Untracked 
|  72|0x0000000086a00000, 0x0000000086a00000, 0x0000000086b00000|  0%| F|  |TAMS 0x0000000086a00000, 0x0000000086a00000| Untracked 
|  73|0x0000000086b00000, 0x0000000086b00000, 0x0000000086c00000|  0%| F|  |TAMS 0x0000000086b00000, 0x0000000086b00000| Untracked 
|  74|0x0000000086c00000, 0x0000000086c00000, 0x0000000086d00000|  0%| F|  |TAMS 0x0000000086c00000, 0x0000000086c00000| Untracked 
|  75|0x0000000086d00000, 0x0000000086d00000, 0x0000000086e00000|  0%| F|  |TAMS 0x0000000086d00000, 0x0000000086d00000| Untracked 
|  76|0x0000000086e00000, 0x0000000086e00000, 0x0000000086f00000|  0%| F|  |TAMS 0x0000000086e00000, 0x0000000086e00000| Untracked 
|  77|0x0000000086f00000, 0x0000000086f00000, 0x0000000087000000|  0%| F|  |TAMS 0x0000000086f00000, 0x0000000086f00000| Untracked 
|  78|0x0000000087000000, 0x0000000087000000, 0x0000000087100000|  0%| F|  |TAMS 0x0000000087000000, 0x0000000087000000| Untracked 
|  79|0x0000000087100000, 0x0000000087100000, 0x0000000087200000|  0%| F|  |TAMS 0x0000000087100000, 0x0000000087100000| Untracked 
|  80|0x0000000087200000, 0x0000000087200000, 0x0000000087300000|  0%| F|  |TAMS 0x0000000087200000, 0x0000000087200000| Untracked 
|  81|0x0000000087300000, 0x0000000087300000, 0x0000000087400000|  0%| F|  |TAMS 0x0000000087300000, 0x0000000087300000| Untracked 
|  82|0x0000000087400000, 0x0000000087400000, 0x0000000087500000|  0%| F|  |TAMS 0x0000000087400000, 0x0000000087400000| Untracked 
|  83|0x0000000087500000, 0x0000000087500000, 0x0000000087600000|  0%| F|  |TAMS 0x0000000087500000, 0x0000000087500000| Untracked 
|  84|0x0000000087600000, 0x0000000087600000, 0x0000000087700000|  0%| F|  |TAMS 0x0000000087600000, 0x0000000087600000| Untracked 
|  85|0x0000000087700000, 0x0000000087700000, 0x0000000087800000|  0%| F|  |TAMS 0x0000000087700000, 0x0000000087700000| Untracked 
|  86|0x0000000087800000, 0x0000000087800000, 0x0000000087900000|  0%| F|  |TAMS 0x0000000087800000, 0x0000000087800000| Untracked 
|  87|0x0000000087900000, 0x0000000087900000, 0x0000000087a00000|  0%| F|  |TAMS 0x0000000087900000, 0x0000000087900000| Untracked 
|  88|0x0000000087a00000, 0x0000000087a00000, 0x0000000087b00000|  0%| F|  |TAMS 0x0000000087a00000, 0x0000000087a00000| Untracked 
|  89|0x0000000087b00000, 0x0000000087b00000, 0x0000000087c00000|  0%| F|  |TAMS 0x0000000087b00000, 0x0000000087b00000| Untracked 
|  90|0x0000000087c00000, 0x0000000087c00000, 0x0000000087d00000|  0%| F|  |TAMS 0x0000000087c00000, 0x0000000087c00000| Untracked 
|  91|0x0000000087d00000, 0x0000000087d00000, 0x0000000087e00000|  0%| F|  |TAMS 0x0000000087d00000, 0x0000000087d00000| Untracked 
|  92|0x0000000087e00000, 0x0000000087e00000, 0x0000000087f00000|  0%| F|  |TAMS 0x0000000087e00000, 0x0000000087e00000| Untracked 
|  93|0x0000000087f00000, 0x0000000087f00000, 0x0000000088000000|  0%| F|  |TAMS 0x0000000087f00000, 0x0000000087f00000| Untracked 
|  94|0x0000000088000000, 0x0000000088000000, 0x0000000088100000|  0%| F|  |TAMS 0x0000000088000000, 0x0000000088000000| Untracked 
|  95|0x0000000088100000, 0x0000000088100000, 0x0000000088200000|  0%| F|  |TAMS 0x0000000088100000, 0x0000000088100000| Untracked 
|  96|0x0000000088200000, 0x000000008822d978, 0x0000000088300000| 17%| S|CS|TAMS 0x0000000088200000, 0x0000000088200000| Complete 
|  97|0x0000000088300000, 0x0000000088400000, 0x0000000088400000|100%| S|CS|TAMS 0x0000000088300000, 0x0000000088300000| Complete 
|  98|0x0000000088400000, 0x0000000088500000, 0x0000000088500000|100%| S|CS|TAMS 0x0000000088400000, 0x0000000088400000| Complete 
|  99|0x0000000088500000, 0x0000000088500000, 0x0000000088600000|  0%| F|  |TAMS 0x0000000088500000, 0x0000000088500000| Untracked 
| 100|0x0000000088600000, 0x0000000088600000, 0x0000000088700000|  0%| F|  |TAMS 0x0000000088600000, 0x0000000088600000| Untracked 
| 101|0x0000000088700000, 0x0000000088700000, 0x0000000088800000|  0%| F|  |TAMS 0x0000000088700000, 0x0000000088700000| Untracked 
| 102|0x0000000088800000, 0x0000000088800000, 0x0000000088900000|  0%| F|  |TAMS 0x0000000088800000, 0x0000000088800000| Untracked 
| 103|0x0000000088900000, 0x0000000088900000, 0x0000000088a00000|  0%| F|  |TAMS 0x0000000088900000, 0x0000000088900000| Untracked 
| 104|0x0000000088a00000, 0x0000000088a00000, 0x0000000088b00000|  0%| F|  |TAMS 0x0000000088a00000, 0x0000000088a00000| Untracked 
| 105|0x0000000088b00000, 0x0000000088b00000, 0x0000000088c00000|  0%| F|  |TAMS 0x0000000088b00000, 0x0000000088b00000| Untracked 
| 106|0x0000000088c00000, 0x0000000088c00000, 0x0000000088d00000|  0%| F|  |TAMS 0x0000000088c00000, 0x0000000088c00000| Untracked 
| 107|0x0000000088d00000, 0x0000000088d00000, 0x0000000088e00000|  0%| F|  |TAMS 0x0000000088d00000, 0x0000000088d00000| Untracked 
| 108|0x0000000088e00000, 0x0000000088e00000, 0x0000000088f00000|  0%| F|  |TAMS 0x0000000088e00000, 0x0000000088e00000| Untracked 
| 109|0x0000000088f00000, 0x0000000088f00000, 0x0000000089000000|  0%| F|  |TAMS 0x0000000088f00000, 0x0000000088f00000| Untracked 
| 110|0x0000000089000000, 0x0000000089000000, 0x0000000089100000|  0%| F|  |TAMS 0x0000000089000000, 0x0000000089000000| Untracked 
| 111|0x0000000089100000, 0x0000000089100000, 0x0000000089200000|  0%| F|  |TAMS 0x0000000089100000, 0x0000000089100000| Untracked 
| 112|0x0000000089200000, 0x0000000089200000, 0x0000000089300000|  0%| F|  |TAMS 0x0000000089200000, 0x0000000089200000| Untracked 
| 113|0x0000000089300000, 0x0000000089300000, 0x0000000089400000|  0%| F|  |TAMS 0x0000000089300000, 0x0000000089300000| Untracked 
| 114|0x0000000089400000, 0x0000000089400000, 0x0000000089500000|  0%| F|  |TAMS 0x0000000089400000, 0x0000000089400000| Untracked 
| 115|0x0000000089500000, 0x0000000089500000, 0x0000000089600000|  0%| F|  |TAMS 0x0000000089500000, 0x0000000089500000| Untracked 
| 116|0x0000000089600000, 0x0000000089600000, 0x0000000089700000|  0%| F|  |TAMS 0x0000000089600000, 0x0000000089600000| Untracked 
| 117|0x0000000089700000, 0x0000000089700000, 0x0000000089800000|  0%| F|  |TAMS 0x0000000089700000, 0x0000000089700000| Untracked 
| 118|0x0000000089800000, 0x0000000089800000, 0x0000000089900000|  0%| F|  |TAMS 0x0000000089800000, 0x0000000089800000| Untracked 
| 119|0x0000000089900000, 0x0000000089900000, 0x0000000089a00000|  0%| F|  |TAMS 0x0000000089900000, 0x0000000089900000| Untracked 
| 120|0x0000000089a00000, 0x0000000089a00000, 0x0000000089b00000|  0%| F|  |TAMS 0x0000000089a00000, 0x0000000089a00000| Untracked 
| 121|0x0000000089b00000, 0x0000000089b00000, 0x0000000089c00000|  0%| F|  |TAMS 0x0000000089b00000, 0x0000000089b00000| Untracked 
| 122|0x0000000089c00000, 0x0000000089c00000, 0x0000000089d00000|  0%| F|  |TAMS 0x0000000089c00000, 0x0000000089c00000| Untracked 
| 123|0x0000000089d00000, 0x0000000089d00000, 0x0000000089e00000|  0%| F|  |TAMS 0x0000000089d00000, 0x0000000089d00000| Untracked 
| 124|0x0000000089e00000, 0x0000000089e00000, 0x0000000089f00000|  0%| F|  |TAMS 0x0000000089e00000, 0x0000000089e00000| Untracked 
| 125|0x0000000089f00000, 0x0000000089f00000, 0x000000008a000000|  0%| F|  |TAMS 0x0000000089f00000, 0x0000000089f00000| Untracked 

Card table byte_map: [0x000001fcbe7f0000,0x000001fcbebe0000] _byte_map_base: 0x000001fcbe3df000

Marking Bits (Prev, Next): (CMBitMap*) 0x000001fca6a6b1d8, (CMBitMap*) 0x000001fca6a6b210
 Prev Bits: [0x000001fcbefd0000, 0x000001fcc0f48000)
 Next Bits: [0x000001fcc0f50000, 0x000001fcc2ec8000)

Polling page: 0x000001fca4a40000

Metaspace:

Usage:
  Non-class:     18.08 MB capacity,    17.69 MB ( 98%) used,   322.85 KB (  2%) free+waste,    72.88 KB ( <1%) overhead. 
      Class:      2.58 MB capacity,     2.30 MB ( 89%) used,   241.85 KB (  9%) free+waste,    37.63 KB (  1%) overhead. 
       Both:     20.66 MB capacity,    20.00 MB ( 97%) used,   564.70 KB (  3%) free+waste,   110.50 KB ( <1%) overhead. 

Virtual space:
  Non-class space:       22.00 MB reserved,      18.17 MB ( 83%) committed 
      Class space:        1.00 GB reserved,       2.63 MB ( <1%) committed 
             Both:        1.02 GB reserved,      20.80 MB (  2%) committed 

Chunk freelists:
   Non-Class:  11.63 KB
       Class:  2.25 KB
        Both:  13.88 KB

CodeHeap 'non-profiled nmethods': size=238336Kb used=2730Kb max_used=2730Kb free=235605Kb
 bounds [0x000001fcaf5f0000, 0x000001fcaf8a0000, 0x000001fcbdeb0000]
CodeHeap 'non-nmethods': size=7424Kb used=1136Kb max_used=1136Kb free=6287Kb
 bounds [0x000001fcaeeb0000, 0x000001fcaf120000, 0x000001fcaf5f0000]
 total_blobs=2433 nmethods=1966 adapters=393
 compilation: enabled
              stopped_count=0, restarted_count=0
 full_count=0

Compilation events (10 events):
Event: 2.829 Thread 0x000001fcc63fc000 nmethod 1961 0x000001fcaf898b10 code [0x000001fcaf898ce0, 0x000001fcaf898f98]
Event: 2.829 Thread 0x000001fcc63fc000 1962       1       jdk.internal.reflect.ReflectionFactory::newConstructorAccessor (154 bytes)
Event: 2.830 Thread 0x000001fcc63fc000 nmethod 1962 0x000001fcaf899110 code [0x000001fcaf899380, 0x000001fcaf899c38]
Event: 2.831 Thread 0x000001fcc63fc000 1966       1       sun.reflect.annotation.AnnotationParser::toArray (18 bytes)
Event: 2.831 Thread 0x000001fcc63fc000 nmethod 1966 0x000001fcaf89a090 code [0x000001fcaf89a240, 0x000001fcaf89a378]
Event: 2.831 Thread 0x000001fcc63fc000 1967       1       java.util.Collections$EmptyMap::values (4 bytes)
Event: 2.831 Thread 0x000001fcc63fc000 nmethod 1967 0x000001fcaf89a410 code [0x000001fcaf89a5a0, 0x000001fcaf89a658]
Event: 2.831 Thread 0x000001fcc63fc000 1968       1       java.util.Collections$EmptySet::toArray (11 bytes)
Event: 2.831 Thread 0x000001fcc63fc000 nmethod 1968 0x000001fcaf89a710 code [0x000001fcaf89a8a0, 0x000001fcaf89a9b8]
Event: 2.831 Thread 0x000001fcc63fc000 1969       1       org.springframework.core.annotation.AnnotationsScanner::hasPlainJavaAnnotationsOnly (24 bytes)

GC Heap History (6 events):
Event: 1.420 GC heap before
{Heap before GC invocations=0 (full 0):
 garbage-first heap   total 129024K, used 23552K [0x0000000082200000, 0x0000000100000000)
  region size 1024K, 24 young (24576K), 0 survivors (0K)
 Metaspace       used 13229K, capacity 13617K, committed 13824K, reserved 1060864K
  class space    used 1365K, capacity 1475K, committed 1536K, reserved 1048576K
}
Event: 1.427 GC heap after
{Heap after GC invocations=1 (full 0):
 garbage-first heap   total 129024K, used 7008K [0x0000000082200000, 0x0000000100000000)
  region size 1024K, 3 young (3072K), 3 survivors (3072K)
 Metaspace       used 13229K, capacity 13617K, committed 13824K, reserved 1060864K
  class space    used 1365K, capacity 1475K, committed 1536K, reserved 1048576K
}
Event: 2.195 GC heap before
{Heap before GC invocations=1 (full 0):
 garbage-first heap   total 129024K, used 29536K [0x0000000082200000, 0x0000000100000000)
  region size 1024K, 25 young (25600K), 3 survivors (3072K)
 Metaspace       used 16898K, capacity 17358K, committed 17664K, reserved 1064960K
  class space    used 1834K, capacity 1990K, committed 2048K, reserved 1048576K
}
Event: 2.201 GC heap after
{Heap after GC invocations=2 (full 0):
 garbage-first heap   total 129024K, used 8378K [0x0000000082200000, 0x0000000100000000)
  region size 1024K, 2 young (2048K), 2 survivors (2048K)
 Metaspace       used 16898K, capacity 17358K, committed 17664K, reserved 1064960K
  class space    used 1834K, capacity 1990K, committed 2048K, reserved 1048576K
}
Event: 2.832 GC heap before
{Heap before GC invocations=2 (full 0):
 garbage-first heap   total 129024K, used 32954K [0x0000000082200000, 0x0000000100000000)
  region size 1024K, 27 young (27648K), 2 survivors (2048K)
 Metaspace       used 20477K, capacity 21153K, committed 21296K, reserved 1069056K
  class space    used 2358K, capacity 2638K, committed 2688K, reserved 1048576K
}
Event: 2.836 GC heap after
{Heap after GC invocations=3 (full 0):
 garbage-first heap   total 129024K, used 9349K [0x0000000082200000, 0x0000000100000000)
  region size 1024K, 3 young (3072K), 3 survivors (3072K)
 Metaspace       used 20477K, capacity 21153K, committed 21296K, reserved 1069056K
  class space    used 2358K, capacity 2638K, committed 2688K, reserved 1048576K
}

Deoptimization events (0 events):
No events

Classes redefined (0 events):
No events

Internal exceptions (10 events):
Event: 2.746 Thread 0x000001fca6a2c800 Exception <a 'java/lang/NoSuchMethodError'{0x00000000898e3208}: java.lang.invoke.DirectMethodHandle$Holder.invokeSpecialIFC(Ljava/lang/Object;Ljava/lang/Object;I)I> (0x00000000898e3208) thrown at [./open/src/hotspot/share/interpreter/linkResolver.cpp, lin
Event: 2.748 Thread 0x000001fcc7a58800 Exception <a 'java/lang/reflect/InvocationTargetException'{0x0000000089de9ef0}> (0x0000000089de9ef0) thrown at [./open/src/hotspot/share/runtime/reflection.cpp, line 1242]
Event: 2.757 Thread 0x000001fca6a2c800 Exception <a 'java/lang/NoSuchMethodError'{0x0000000089647030}: java.lang.invoke.DirectMethodHandle$Holder.invokeStatic(Ljava/lang/Object;Ljava/lang/Object;I)V> (0x0000000089647030) thrown at [./open/src/hotspot/share/interpreter/linkResolver.cpp, line 77
Event: 2.758 Thread 0x000001fca6a2c800 Exception <a 'java/lang/NoSuchMethodError'{0x000000008964e580}: java.lang.invoke.DirectMethodHandle$Holder.invokeStaticInit(Ljava/lang/Object;Ljava/lang/Object;)V> (0x000000008964e580) thrown at [./open/src/hotspot/share/interpreter/linkResolver.cpp, line
Event: 2.785 Thread 0x000001fca6a2c800 Exception <a 'java/lang/NoSuchMethodError'{0x00000000893afe20}: java.lang.invoke.DirectMethodHandle$Holder.invokeSpecial(Ljava/lang/Object;Ljava/lang/Object;Ljava/lang/Object;Ljava/lang/Object;Ljava/lang/Object;)V> (0x00000000893afe20) thrown at [./open/s
Event: 2.789 Thread 0x000001fcc7b2a000 Exception <a 'java/lang/NoClassDefFoundError'{0x000000008921dd20}: javax/validation/Validation> (0x000000008921dd20) thrown at [./open/src/hotspot/share/classfile/systemDictionary.cpp, line 217]
Event: 2.803 Thread 0x000001fcc7b2a000 Exception <a 'java/lang/NoSuchMethodError'{0x0000000088ffd820}: java.lang.invoke.DirectMethodHandle$Holder.invokeStaticInit(Ljava/lang/Object;Ljava/lang/Object;Ljava/lang/Object;Ljava/lang/Object;Ljava/lang/Object;)Ljava/lang/Object;> (0x0000000088ffd820)
Event: 2.808 Thread 0x000001fcc7b2a000 Exception <a 'java/lang/NoSuchMethodError'{0x0000000088d88c28}: java.lang.invoke.DirectMethodHandle$Holder.invokeSpecial(Ljava/lang/Object;Ljava/lang/Object;IILjava/lang/Object;Ljava/lang/Object;Ljava/lang/Object;)Ljava/lang/Object;> (0x0000000088d88c28) 
Event: 2.808 Thread 0x000001fcc7b2a000 Exception <a 'java/lang/NoSuchMethodError'{0x0000000088d8c1b0}: java.lang.invoke.DelegatingMethodHandle$Holder.reinvoke_L(Ljava/lang/Object;IILjava/lang/Object;Ljava/lang/Object;Ljava/lang/Object;)Ljava/lang/Object;> (0x0000000088d8c1b0) thrown at [./open
Event: 2.808 Thread 0x000001fcc7b2a000 Exception <a 'java/lang/NoSuchMethodError'{0x0000000088d8ff90}: java.lang.invoke.DirectMethodHandle$Holder.invokeStatic(Ljava/lang/Object;Ljava/lang/Object;Ljava/lang/Object;Ljava/lang/Object;I)Ljava/lang/Object;> (0x0000000088d8ff90) thrown at [./open/sr

Events (10 events):
Event: 2.830 loading class org/springframework/cloud/configuration/CompatibilityNotMetFailureAnalyzer done
Event: 2.830 loading class com/fasterxml/jackson/core/util/DefaultPrettyPrinter
Event: 2.830 loading class com/fasterxml/jackson/core/util/DefaultPrettyPrinter done
Event: 2.831 loading class com/fasterxml/jackson/core/PrettyPrinter
Event: 2.831 loading class com/fasterxml/jackson/core/PrettyPrinter done
Event: 2.831 loading class com/fasterxml/jackson/core/util/Instantiatable
Event: 2.831 loading class com/fasterxml/jackson/core/util/Instantiatable done
Event: 2.831 loading class com/fasterxml/jackson/core/io/SerializedString
Event: 2.831 loading class com/fasterxml/jackson/core/io/SerializedString done
Event: 2.832 Executing VM operation: CollectForMetadataAllocation


Dynamic libraries:
0x00007ff73d6e0000 - 0x00007ff73d6ef000 	D:\javakaifa\jdk1.10.0_10\bin\java.exe
0x00007ffa6e990000 - 0x00007ffa6eb85000 	C:\WINDOWS\SYSTEM32\ntdll.dll
0x00007ffa6e710000 - 0x00007ffa6e7cd000 	C:\WINDOWS\System32\KERNEL32.DLL
0x00007ffa6c1f0000 - 0x00007ffa6c4b8000 	C:\WINDOWS\System32\KERNELBASE.dll
0x00007ffa6c510000 - 0x00007ffa6c610000 	C:\WINDOWS\System32\ucrtbase.dll
0x00007ffa53f40000 - 0x00007ffa53f55000 	D:\javakaifa\jdk1.10.0_10\bin\VCRUNTIME140.dll
0x00007ffa53f60000 - 0x00007ffa53f78000 	D:\javakaifa\jdk1.10.0_10\bin\jli.dll
0x00007ffa6dbd0000 - 0x00007ffa6dc7c000 	C:\WINDOWS\System32\ADVAPI32.dll
0x00007ffa6e830000 - 0x00007ffa6e8ce000 	C:\WINDOWS\System32\msvcrt.dll
0x00007ffa6caf0000 - 0x00007ffa6cb8b000 	C:\WINDOWS\System32\sechost.dll
0x00007ffa6cf10000 - 0x00007ffa6d03b000 	C:\WINDOWS\System32\RPCRT4.dll
0x00007ffa6cc60000 - 0x00007ffa6ce00000 	C:\WINDOWS\System32\USER32.dll
0x00007ffa6c7b0000 - 0x00007ffa6c7d2000 	C:\WINDOWS\System32\win32u.dll
0x00007ffa6ce00000 - 0x00007ffa6ce2a000 	C:\WINDOWS\System32\GDI32.dll
0x00007ffa56e80000 - 0x00007ffa5711a000 	C:\WINDOWS\WinSxS\amd64_microsoft.windows.common-controls_6595b64144ccf1df_6.0.19041.844_none_ca00b6081b84eb1d\COMCTL32.dll
0x00007ffa6c6a0000 - 0x00007ffa6c7ab000 	C:\WINDOWS\System32\gdi32full.dll
0x00007ffa6c0d0000 - 0x00007ffa6c16d000 	C:\WINDOWS\System32\msvcp_win.dll
0x00007ffa64cd0000 - 0x00007ffa64cda000 	C:\WINDOWS\SYSTEM32\VERSION.dll
0x00007ffa6e0e0000 - 0x00007ffa6e110000 	C:\WINDOWS\System32\IMM32.DLL
0x00007ffa32530000 - 0x00007ffa325cb000 	D:\javakaifa\jdk1.10.0_10\bin\msvcp140.dll
0x00007ffa207e0000 - 0x00007ffa212db000 	D:\javakaifa\jdk1.10.0_10\bin\server\jvm.dll
0x00007ffa6dfe0000 - 0x00007ffa6dfe8000 	C:\WINDOWS\System32\PSAPI.DLL
0x00007ffa53ba0000 - 0x00007ffa53ba9000 	C:\WINDOWS\SYSTEM32\WSOCK32.dll
0x00007ffa572d0000 - 0x00007ffa572f7000 	C:\WINDOWS\SYSTEM32\WINMM.dll
0x00007ffa6dff0000 - 0x00007ffa6e05b000 	C:\WINDOWS\System32\WS2_32.dll
0x00007ffa6a020000 - 0x00007ffa6a032000 	C:\WINDOWS\SYSTEM32\kernel.appcore.dll
0x00007ffa5dcb0000 - 0x00007ffa5dcc0000 	D:\javakaifa\jdk1.10.0_10\bin\verify.dll
0x00007ffa4fd60000 - 0x00007ffa4ff44000 	C:\WINDOWS\SYSTEM32\DBGHELP.DLL
0x00007ffa53c00000 - 0x00007ffa53c2c000 	C:\WINDOWS\SYSTEM32\dbgcore.DLL
0x00007ffa6c170000 - 0x00007ffa6c1f0000 	C:\WINDOWS\System32\bcryptPrimitives.dll
0x00007ffa50a70000 - 0x00007ffa50a98000 	D:\javakaifa\jdk1.10.0_10\bin\java.dll
0x00007ffa5d1b0000 - 0x00007ffa5d1ba000 	D:\javakaifa\jdk1.10.0_10\bin\jimage.dll
0x00007ffa5dda0000 - 0x00007ffa5ddae000 	D:\javakaifa\jdk1.10.0_10\bin\instrument.dll
0x00007ffa53f20000 - 0x00007ffa53f36000 	D:\javakaifa\jdk1.10.0_10\bin\zip.dll
0x00007ffa6d350000 - 0x00007ffa6da92000 	C:\WINDOWS\System32\SHELL32.dll
0x00007ffa6a220000 - 0x00007ffa6a9b0000 	C:\WINDOWS\SYSTEM32\windows.storage.dll
0x00007ffa6dc80000 - 0x00007ffa6dfd5000 	C:\WINDOWS\System32\combase.dll
0x00007ffa6bad0000 - 0x00007ffa6bafc000 	C:\WINDOWS\SYSTEM32\Wldp.dll
0x00007ffa6d2a0000 - 0x00007ffa6d34e000 	C:\WINDOWS\System32\SHCORE.dll
0x00007ffa6e7d0000 - 0x00007ffa6e825000 	C:\WINDOWS\System32\shlwapi.dll
0x00007ffa6c010000 - 0x00007ffa6c02f000 	C:\WINDOWS\SYSTEM32\profapi.dll
0x00007ffa53b70000 - 0x00007ffa53b89000 	D:\javakaifa\jdk1.10.0_10\bin\net.dll
0x00007ffa62c40000 - 0x00007ffa62d4b000 	C:\WINDOWS\SYSTEM32\WINHTTP.dll
0x00007ffa6b840000 - 0x00007ffa6b8aa000 	C:\WINDOWS\system32\mswsock.dll
0x00007ffa51650000 - 0x00007ffa51662000 	D:\javakaifa\jdk1.10.0_10\bin\nio.dll
0x00007ffa5dd80000 - 0x00007ffa5dd9a000 	D:\javakaifa\idea2020.3\IntelliJ IDEA 2020.3.1\bin\breakgen64.dll
0x00007ffa6b510000 - 0x00007ffa6b5dc000 	C:\WINDOWS\SYSTEM32\DNSAPI.dll
0x00007ffa6b4d0000 - 0x00007ffa6b50b000 	C:\WINDOWS\SYSTEM32\IPHLPAPI.DLL
0x00007ffa6c9f0000 - 0x00007ffa6c9f8000 	C:\WINDOWS\System32\NSI.dll
0x00007ffa646c0000 - 0x00007ffa646ca000 	C:\Windows\System32\rasadhlp.dll
0x00007ffa5e390000 - 0x00007ffa5e40f000 	C:\WINDOWS\System32\fwpuclnt.dll
0x00007ffa6c670000 - 0x00007ffa6c697000 	C:\WINDOWS\System32\bcrypt.dll
0x00007ffa5c070000 - 0x00007ffa5c079000 	D:\javakaifa\jdk1.10.0_10\bin\management.dll
0x00007ffa5ad60000 - 0x00007ffa5ad6b000 	D:\javakaifa\jdk1.10.0_10\bin\management_ext.dll
0x00007ffa6ba10000 - 0x00007ffa6ba28000 	C:\WINDOWS\SYSTEM32\CRYPTSP.dll
0x00007ffa6b180000 - 0x00007ffa6b1b4000 	C:\WINDOWS\system32\rsaenh.dll
0x00007ffa6bfd0000 - 0x00007ffa6bffe000 	C:\WINDOWS\SYSTEM32\USERENV.dll
0x00007ffa6ba30000 - 0x00007ffa6ba3c000 	C:\WINDOWS\SYSTEM32\CRYPTBASE.dll
0x00007ffa64db0000 - 0x00007ffa64dc7000 	C:\WINDOWS\SYSTEM32\dhcpcsvc6.DLL
0x00007ffa64ca0000 - 0x00007ffa64cbd000 	C:\WINDOWS\SYSTEM32\dhcpcsvc.DLL
0x00007ffa5dce0000 - 0x00007ffa5dcf7000 	C:\WINDOWS\system32\napinsp.dll
0x00007ffa5dcc0000 - 0x00007ffa5dcdb000 	C:\WINDOWS\system32\pnrpnsp.dll
0x00007ffa36440000 - 0x00007ffa36455000 	C:\WINDOWS\system32\wshbth.dll
0x00007ffa67b80000 - 0x00007ffa67b9d000 	C:\WINDOWS\system32\NLAapi.dll
0x00007ffa5d2a0000 - 0x00007ffa5d2b2000 	C:\WINDOWS\System32\winrnr.dll

dbghelp: loaded successfully - version: 4.0.5 - missing functions: none
symbol engine: initialized successfully - sym options: 0x614 - pdb path: .;D:\javakaifa\jdk1.10.0_10\bin;C:\WINDOWS\SYSTEM32;C:\WINDOWS\WinSxS\amd64_microsoft.windows.common-controls_6595b64144ccf1df_6.0.19041.844_none_ca00b6081b84eb1d;D:\javakaifa\jdk1.10.0_10\bin\server;D:\javakaifa\idea2020.3\IntelliJ IDEA 2020.3.1\bin

VM Arguments:
jvm_args: -XX:TieredStopAtLevel=1 -Xverify:none -Dspring.output.ansi.enabled=always -javaagent:D:\javakaifa\idea2020.3\IntelliJ IDEA 2020.3.1\lib\idea_rt.jar=52403:D:\javakaifa\idea2020.3\IntelliJ IDEA 2020.3.1\bin -Dcom.sun.management.jmxremote -Dspring.jmx.enabled=true -Dspring.liveBeansView.mbeanDomain -Dspring.application.admin.enabled=true -Dfile.encoding=UTF-8 
java_command: com.panpan.gulimall.coupon.GulimallCouponApplication
java_class_path (initial): E:\尚硅谷java\gulimall\gulimall-coupon\target\classes;E:\尚硅谷java\gulimall\gulimall-common\target\classes;D:\javakaifa\apache-maven-3.6.3\com\baomidou\mybatis-plus-boot-starter\3.4.3\mybatis-plus-boot-starter-3.4.3.jar;D:\javakaifa\apache-maven-3.6.3\com\baomidou\mybatis-plus\3.4.3\mybatis-plus-3.4.3.jar;D:\javakaifa\apache-maven-3.6.3\com\baomidou\mybatis-plus-extension\3.4.3\mybatis-plus-extension-3.4.3.jar;D:\javakaifa\apache-maven-3.6.3\com\baomidou\mybatis-plus-core\3.4.3\mybatis-plus-core-3.4.3.jar;D:\javakaifa\apache-maven-3.6.3\com\baomidou\mybatis-plus-annotation\3.4.3\mybatis-plus-annotation-3.4.3.jar;D:\javakaifa\apache-maven-3.6.3\com\github\jsqlparser\jsqlparser\4.0\jsqlparser-4.0.jar;D:\javakaifa\apache-maven-3.6.3\org\mybatis\mybatis\3.5.7\mybatis-3.5.7.jar;D:\javakaifa\apache-maven-3.6.3\org\mybatis\mybatis-spring\2.0.6\mybatis-spring-2.0.6.jar;D:\javakaifa\apache-maven-3.6.3\org\springframework\boot\spring-boot-autoconfigure\2.3.7.RELEASE\spring-boot-autoconfigure-2.3.7.RELEASE.jar;D:\javakaifa\apache-maven-3.6.3\org\springframework\boot\spring-boot-starter-jdbc\2.3.7.RELEASE\spring-boot-starter-jdbc-2.3.7.RELEASE.jar;D:\javakaifa\apache-maven-3.6.3\com\zaxxer\HikariCP\3.4.5\HikariCP-3.4.5.jar;D:\javakaifa\apache-maven-3.6.3\org\springframework\spring-jdbc\5.2.12.RELEASE\spring-jdbc-5.2.12.RELEASE.jar;D:\javakaifa\apache-maven-3.6.3\org\springframework\spring-tx\5.2.12.RELEASE\spring-tx-5.2.12.RELEASE.jar;D:\javakaifa\apache-maven-3.6.3\org\projectlombok\lombok\1.18.16\lombok-1.18.16.jar;D:\javakaifa\apache-maven-3.6.3\org\apache\httpcomponents\httpcore\4.4.14\httpcore-4.4.14.jar;D:\javakaifa\apache-maven-3.6.3\commons-lang\commons-lang\2.6\commons-lang-2.6.jar;D:\javakaifa\apache-maven-3.6.3\mysql\mysql-connector-java\8.0.22\mysql-connector-java-8.0.22.jar;D:\javakaifa\apache-maven-3.6.3\org\springframework\cloud\spring-cloud-starter-alibaba-nacos-discovery\0.2.2.RELEASE\spring-cloud-starter-alibaba-nacos-discovery-0.
Launcher Type: SUN_STANDARD

[Global flags]
     bool BytecodeVerificationLocal                = false                                     {product} {command line}
     bool BytecodeVerificationRemote               = false                                     {product} {command line}
     intx CICompilerCount                          = 4                                         {product} {ergonomic}
     uint ConcGCThreads                            = 3                                         {product} {ergonomic}
     uint G1ConcRefinementThreads                  = 10                                        {product} {ergonomic}
   size_t G1HeapRegionSize                         = 1048576                                   {product} {ergonomic}
    uintx GCDrainStackTargetSize                   = 64                                        {product} {ergonomic}
   size_t InitialHeapSize                          = 132120576                                 {product} {ergonomic}
     bool ManagementServer                         = true                                      {product} {command line}
   size_t MarkStackSize                            = 4194304                                   {product} {ergonomic}
   size_t MaxHeapSize                              = 2111832064                                {product} {ergonomic}
   size_t MaxNewSize                               = 1266679808                                {product} {ergonomic}
   size_t MinHeapDeltaBytes                        = 1048576                                   {product} {ergonomic}
    uintx NonNMethodCodeHeapSize                   = 7549744                                {pd product} {ergonomic}
    uintx NonProfiledCodeHeapSize                  = 244108496                              {pd product} {ergonomic}
    uintx ProfiledCodeHeapSize                     = 0                                      {pd product} {ergonomic}
    uintx ReservedCodeCacheSize                    = 251658240                              {pd product} {ergonomic}
     bool SegmentedCodeCache                       = true                                      {product} {ergonomic}
     intx TieredStopAtLevel                        = 1                                         {product} {command line}
     bool UseCompressedClassPointers               = true                                 {lp64_product} {ergonomic}
     bool UseCompressedOops                        = true                                 {lp64_product} {ergonomic}
     bool UseG1GC                                  = true                                      {product} {ergonomic}
     bool UseLargePagesIndividualAllocation        = false                                  {pd product} {ergonomic}

Logging:
Log output configuration:
 #0: stdout all=warning uptime,level,tags
 #1: stderr all=off uptime,level,tags

Environment Variables:
JAVA_HOME=D:\javakaifa\jdk1.10.0_10
PATH=C:\Program Files\Common Files\Oracle\Java\javapath;C:\Program Files (x86)\Common Files\Oracle\Java\javapath;C:\ProgramData\Oracle\Java\javapath;C:\Program Files (x86)\Common Files\Intel\Shared Libraries\redist\intel64\compiler;C:\Program Files\PerkinElmerInformatics\ChemOffice2018\ChemScript\Lib;C:\windows\system32;C:\windows;C:\windows\System32\Wbem;C:\windows\System32\WindowsPowerShell\v1.0\;C:\windows\System32\OpenSSH\;C:\Program Files (x86)\Intel\Intel(R) Management Engine Components\DAL;C:\Program Files\Intel\Intel(R) Management Engine Components\DAL;C:\Program Files\Intel\WiFi\bin\;C:\Program Files\Common Files\Intel\WirelessCommon\;C:\Program Files (x86)\NVIDIA Corporation\PhysX\Common;C:\Program Files\NVIDIA Corporation\NVIDIA NvDLISR;C:\Program Files\Microsoft SQL Server\120\Tools\Binn\;C:\Program Files\Common Files\Autodesk Shared\;C:\Program Files\dotnet\;E:\xshell7\;E:\xftp\;C:\Program Files\Git\cmd;C:\WINDOWS\system32;C:\WINDOWS;C:\WINDOWS\System32\Wbem;C:\WINDOWS\System32\WindowsPowerShell\v1.0\;C:\WINDOWS\System32\OpenSSH\;D:\HashiCorp\Vagrant\bin;D:\Program Files\nodejs\;D:\Python\Python39;C:\Users\MECHREVO\AppData\Local\Microsoft\WindowsApps;C:\Program Files\Intel\WiFi\bin\;C:\Program Files\Common Files\Intel\WirelessCommon\;C:\Program Files\MySQL\MySQL Server 8.0\bin;D:\javakaifa\jdk1.10.0_10\bin;D:\javakaifa\idea2020.3\IntelliJ IDEA 2020.3.1\bin;;D:\javakaifa\apache-maven-3.6.3\bin;D:\Microsoft VS Code\bin;C:\Users\MECHREVO\AppData\Roaming\npm;
USERNAME=MECHREVO
OS=Windows_NT
PROCESSOR_IDENTIFIER=Intel64 Family 6 Model 158 Stepping 10, GenuineIntel



---------------  S Y S T E M  ---------------

OS: Windows 10 , 64 bit Build 19041 (10.0.19041.928)

CPU:total 12 (initial active 12) (6 cores per cpu, 2 threads per core) family 6 model 158 stepping 10 microcode 0xb4, cmov, cx8, fxsr, mmx, sse, sse2, sse3, ssse3, sse4.1, sse4.2, popcnt, avx, avx2, aes, clmul, erms, 3dnowpref, lzcnt, ht, tsc, tscinvbit, bmi1, bmi2, adx, fma

Memory: 4k page, system-wide physical 8050M (503M free)
TotalPageFile size 20851M (AvailPageFile size 3M)
current process WorkingSet (physical memory assigned to process): 99M, peak: 99M
current process commit charge ("private bytes"): 234M, peak: 235M

vm_info: Java HotSpot(TM) 64-Bit Server VM (11.0.10+8-LTS-162) for windows-amd64 JRE (11.0.10+8-LTS-162), built on Dec  8 2020 16:32:57 by "mach5one" with MS VC++ 15.9 (VS2017)

END.
